<?xml version="1.0" encoding="UTF-8"?>
<!-- Generated by org.testng.reporters.JUnitXMLReporter -->
<testsuite ignored="0" hostname="hugo-pc" failures="0" tests="4" name="Lecture 9 test set 1.4" time="20.779" errors="0" timestamp="2022-10-17T20:57:24 MSK">
  <testcase classname="Lecture9.Lecture9_3Test" name="login" time="0.939"/>
  <testcase classname="Lecture9.Lecture9_3Test" name="login" time="0.577"/>
  <testcase classname="Lecture9.Lecture9_3Test" name="login" time="0.633"/>
  <testcase classname="Lecture9.Lecture9_3Test" name="login" time="5.538"/>
</testsuite> <!-- Lecture 9 test set 1.4 -->
