<?xml version="1.0" encoding="UTF-8"?>
<!-- Generated by org.testng.reporters.JUnitXMLReporter -->
<testsuite ignored="1" hostname="hugo-pc" failures="1" tests="12" name="Lecture 9 test set 1.3" time="6.236" errors="0" timestamp="2022-10-17T20:57:10 MSK">
  <testcase classname="Lecture9.Lecture9_2Test" name="test2" time="0.0"/>
  <testcase classname="Lecture9.Lecture9_2Test" name="test3" time="1.061">
    <failure type="org.testng.internal.thread.ThreadTimeoutException" message="Method Lecture9.Lecture9_2Test.test3() didn&amp;apos;t finish within the time-out 1000">
      <![CDATA[org.testng.internal.thread.ThreadTimeoutException: Method Lecture9.Lecture9_2Test.test3() didn't finish within the time-out 1000
at java.base@11.0.15.1/java.lang.Thread.sleep(Native Method)
at app//Lecture9.Lecture9_2Test.pause(Lecture9_2Test.java:58)
at app//Lecture9.Lecture9_2Test.test3(Lecture9_2Test.java:24)
at java.base@11.0.15.1/java.util.concurrent.FutureTask.run(FutureTask.java:264)
at java.base@11.0.15.1/java.util.concurrent.ThreadPoolExecutor.runWorker(ThreadPoolExecutor.java:1128)
at java.base@11.0.15.1/java.util.concurrent.ThreadPoolExecutor$Worker.run(ThreadPoolExecutor.java:628)
at java.base@11.0.15.1/java.lang.Thread.run(Thread.java:834)
... Removed 8 stack frames]]>
    </failure>
  </testcase> <!-- test3 -->
  <testcase classname="Lecture9.Lecture9_2Test" name="test4" time="0.0">
    <skipped/>
  </testcase> <!-- test4 -->
  <testcase classname="Lecture9.Lecture9_2Test" name="test5" time="1.03"/>
  <testcase classname="Lecture9.Lecture9_2Test" name="test5" time="1.046"/>
  <testcase classname="Lecture9.Lecture9_2Test" name="test5" time="1.046"/>
  <testcase classname="Lecture9.Lecture9_2Test" name="test5" time="1.029"/>
  <testcase classname="Lecture9.Lecture9_2Test" name="test5" time="1.014"/>
  <testcase classname="Lecture9.Lecture9_2Test" name="test6" time="1.03">
    <skipped/>
  </testcase> <!-- test6 -->
  <testcase classname="Lecture9.Lecture9_2Test" name="test6" time="1.035">
    <skipped/>
  </testcase> <!-- test6 -->
  <testcase classname="Lecture9.Lecture9_2Test" name="test6" time="1.115">
    <skipped/>
  </testcase> <!-- test6 -->
  <testcase classname="Lecture9.Lecture9_2Test" name="test6" time="0.103"/>
  <testcase classname="Lecture9.Lecture9_2Test" name="test1" time="0.0">
    <ignored/>
  </testcase> <!-- test1 -->
</testsuite> <!-- Lecture 9 test set 1.3 -->
