<?xml version="1.0" encoding="UTF-8"?>
<testsuite xmlns:xsi="http://www.w3.org/2001/XMLSchema-instance" xsi:noNamespaceSchemaLocation="https://maven.apache.org/surefire/maven-surefire-plugin/xsd/surefire-test-report-3.0.xsd" version="3.0" name="TestSuite" time="25.008" tests="18" errors="0" skipped="4" failures="1">
  <properties>
[...]
</properties>
  <testcase name="test2" classname="Lecture9.Lecture9_1Test" time="0.062"/>
  <testcase name="test2" classname="Lecture9.Lecture9_2Test" time="0.078"/>
  <testcase name="test1" classname="Lecture9.Lecture9_1Test" time="0.016"/>
  <testcase name="test3" classname="Lecture9.Lecture9_2Test" time="0.967">
    <failure message="Method Lecture9.Lecture9_2Test.test3() didn&apos;t finish within the time-out 1000" type="org.testng.internal.thread.ThreadTimeoutException">org.testng.internal.thread.ThreadTimeoutException: Method Lecture9.Lecture9_2Test.test3() didn't finish within the time-out 1000
	at app//Lecture9.Lecture9_2Test.pause(Lecture9_2Test.java:58)
	at app//Lecture9.Lecture9_2Test.test3(Lecture9_2Test.java:24)
</failure>
    <system-out><![CDATA[Hello i am @AfterMethod
Hello i am @AfterGroups
Hello i am @AfterClass
Hello i am @AfterTest
]]></system-out>
  </testcase>
  <testcase name="test4" classname="Lecture9.Lecture9_2Test" time="0">
    <skipped message="Method Lecture9.Lecture9_2Test.test4() on instance Lecture9.Lecture9_2Test@5e1218b4 depends on not successfully finished methods &#10;[Lecture9.Lecture9_2Test.test3() on instance Lecture9.Lecture9_2Test@5e1218b4]"/>
    <system-out><![CDATA[Hello i'am @AfterMethod 5 and this is my repeat #1
]]></system-out>
  </testcase>
  <testcase name="test5" classname="Lecture9.Lecture9_2Test" time="0.952"/>
  <testcase name="test5" classname="Lecture9.Lecture9_2Test" time="1.046"/>
  <testcase name="test5" classname="Lecture9.Lecture9_2Test" time="1.046"/>
  <testcase name="test5" classname="Lecture9.Lecture9_2Test" time="1.046"/>
  <testcase name="test5" classname="Lecture9.Lecture9_2Test" time="1.046"/>
  <testcase name="test6" classname="Lecture9.Lecture9_2Test" time="0">
    <skipped message="Method Lecture9.Lecture9_2Test.test6() didn&apos;t finish within the time-out 1000"/>
    <system-out><![CDATA[Hello i'am @AfterMethod 5 and this is my repeat #6
Hello i'am  @BeforeMethod 5 and this is my repeat #6
Retrying once again
]]></system-out>
  </testcase>
  <testcase name="test6" classname="Lecture9.Lecture9_2Test" time="0">
    <skipped message="Method Lecture9.Lecture9_2Test.test6() didn&apos;t finish within the time-out 1000"/>
    <system-out><![CDATA[Hello i'am @AfterMethod 5 and this is my repeat #6
Hello i'am  @BeforeMethod 5 and this is my repeat #6
Retrying once again
]]></system-out>
  </testcase>
  <testcase name="test6" classname="Lecture9.Lecture9_2Test" time="0">
    <skipped message="Method Lecture9.Lecture9_2Test.test6() didn&apos;t finish within the time-out 1000"/>
    <system-out><![CDATA[Hello i'am @AfterMethod 5 and this is my repeat #6
Hello i'am  @BeforeMethod 5 and this is my repeat #6
Retrying once again
]]></system-out>
    <system-err><![CDATA[Starting ChromeDriver 105.0.5195.52 (412c95e518836d8a7d97250d62b29c2ae6a26a85-refs/branch-heads/5195@{#853}) on port 62233
Only local connections are allowed.
Please see https://chromedriver.chromium.org/security-considerations for suggestions on keeping ChromeDriver safe.
ChromeDriver was started successfully.
]]></system-err>
  </testcase>
  <testcase name="test6" classname="Lecture9.Lecture9_2Test" time="0.017"/>
  <testcase name="login" classname="Lecture9.Lecture9_3Test" time="0.994"/>
  <testcase name="login" classname="Lecture9.Lecture9_3Test" time="0.568"/>
  <testcase name="login" classname="Lecture9.Lecture9_3Test" time="0.638"/>
  <testcase name="login" classname="Lecture9.Lecture9_3Test" time="5.543"/>
</testsuite>